#
# A fatal error has been detected by the Java Runtime Environment:
#
#  SIGSEGV (0xb) at pc=0x00000001247ea511, pid=3538, tid=2571
#
# JRE version: Java(TM) SE Runtime Environment (8.0_45-b14) (build 1.8.0_45-b14)
# Java VM: Java HotSpot(TM) 64-Bit Server VM (25.45-b02 mixed mode bsd-amd64 compressed oops)
# Problematic frame:
# C  [libglass.dylib+0x15511]  GlassScreenDidChangeScreenParameters+0x21
#
# Failed to write core dump. Core dumps have been disabled. To enable core dumping, try "ulimit -c unlimited" before starting Java again
#
# If you would like to submit a bug report, please visit:
#   http://bugreport.java.com/bugreport/crash.jsp
#

---------------  T H R E A D  ---------------

Current thread is native thread

siginfo: si_signo: 11 (SIGSEGV), si_code: 1 (SEGV_MAPERR), si_addr: 0x0000000000000000

Registers:
RAX=0x000000012481cac8, RBX=0x0000000000000000, RCX=0x0000000000000103, RDX=0x0000010000000100
RSP=0x00007fff54e099d0, RBP=0x00007fff54e099e0, RSI=0x00007fa12052b3f0, RDI=0x0000000000000000
R8 =0x0000000000000040, R9 =0x00007fff75d671e0, R10=0xffffffffffffffff, R11=0x0000000000000246
R12=0x00007fa122b08680, R13=0x00007fa120754690, R14=0x00007fa1207546d0, R15=0x0000000000000000
RIP=0x00000001247ea511, EFLAGS=0x0000000000010246, ERR=0x0000000000000004
  TRAPNO=0x000000000000000e

Top of Stack: (sp=0x00007fff54e099d0)
0x00007fff54e099d0:   00007fff54e09a28 00007fa1207546d0
0x00007fff54e099e0:   00007fff54e099f0 00007fff86ff5a0c
0x00007fff54e099f0:   00007fff54e09a10 00007fff86ff599f
0x00007fff54e09a00:   0000000000000000 0000000000000000
0x00007fff54e09a10:   00007fff54e09a80 00007fff86ff5917
0x00007fff54e09a20:   00007fff78181110 00007fff762970a0
0x00007fff54e09a30:   0000000042000000 00007fff86ff5960
0x00007fff54e09a40:   00007fff75f846f0 00007fa120754690
0x00007fff54e09a50:   00007fa122b08680 00007fff54e0a228
0x00007fff54e09a60:   00007fff760afbd0 00007fff54e0a228
0x00007fff54e09a70:   00007fa120754690 00007fff873b4955
0x00007fff54e09a80:   00007fff54e09ac0 00007fff86ff5682
0x00007fff54e09a90:   00007fff54e0a0a0 0000000000000000
0x00007fff54e09aa0:   00007fff760afbd0 00007fff54e0a228
0x00007fff54e09ab0:   00007fff8a4b1d40 00007fff873b4955
0x00007fff54e09ac0:   00007fff54e0a1d0 00007fff86fb2442
0x00007fff54e09ad0:   00007fa122b3df00 0000000000000002
0x00007fff54e09ae0:   0000000000000000 00007fa1207043a0
0x00007fff54e09af0:   00007fa121005048 00007fa12055f850
0x00007fff54e09b00:   0000000000000000 00007fa120754730
0x00007fff54e09b10:   0000000000000000 0000000000000000
0x00007fff54e09b20:   00007fff75fc15b0 00007fff54e0a0a0
0x00007fff54e09b30:   0000000000000001 0000000000000100
0x00007fff54e09b40:   0000000000000c00 00007fff54e09fa0
0x00007fff54e09b50:   0000000000000000 0000000000000100
0x00007fff54e09b60:   407bb00000000000 00007fff760afbd0
0x00007fff54e09b70:   0000000000000000 00007fff75f85490
0x00007fff54e09b80:   00007fff760afbd0 0000000000000000
0x00007fff54e09b90:   00007fff75f85490 00007fa122b3fa40
0x00007fff54e09ba0:   00007fa122b3df00 00007fff955051b3
0x00007fff54e09bb0:   00000000005aee01 00007fff76b102c0
0x00007fff54e09bc0:   00000000005aee00 0000000076b102c0 

Instructions: (pc=0x00000001247ea511)
0x00000001247ea4f1:   48 89 e5 41 56 53 48 8d 05 c2 26 03 00 48 83 38
0x00000001247ea501:   00 48 89 fb 75 72 48 8d 05 ba 25 03 00 48 8b 30
0x00000001247ea511:   48 8b 03 48 8d 15 6c 9a 01 00 48 8d 0d 86 6f 01
0x00000001247ea521:   00 48 89 df ff 90 88 03 00 00 48 8d 0d 8e 26 03 

Register to memory mapping:

RAX=0x000000012481cac8: jScreenClass+0 in /Library/Java/JavaVirtualMachines/jdk1.8.0_45.jdk/Contents/Home/jre/lib/libglass.dylib at 0x00000001247d5000
RBX=0x0000000000000000 is an unknown value
RCX=0x0000000000000103 is an unknown value
RDX=0x0000010000000100 is an unknown value
RSP=0x00007fff54e099d0 is an unknown value
RBP=0x00007fff54e099e0 is an unknown value
RSI=0x00007fa12052b3f0 is a global jni handle
RDI=0x0000000000000000 is an unknown value
R8 =0x0000000000000040 is an unknown value
R9 =0x00007fff75d671e0: __sFX+0x1c0 in /usr/lib/system/libsystem_c.dylib at 0x00007fff860d0000
R10=0xffffffffffffffff is an unknown value
R11=0x0000000000000246 is an unknown value
R12=0x00007fa122b08680 is an unknown value
R13=0x00007fa120754690 is an unknown value
R14=0x00007fa1207546d0 is an unknown value
R15=0x0000000000000000 is an unknown value


Stack: [0x00007fff5460d000,0x00007fff54e0d000],  sp=0x00007fff54e099d0,  free space=8178k
Native frames: (J=compiled Java code, j=interpreted, Vv=VM code, C=native code)
C  [libglass.dylib+0x15511]  GlassScreenDidChangeScreenParameters+0x21
C  [CoreFoundation+0xa0a0c]  __CFNOTIFICATIONCENTER_IS_CALLING_OUT_TO_AN_OBSERVER__+0xc
C  [CoreFoundation+0xa099f]  ___CFXRegistrationPost_block_invoke+0x3f
C  [CoreFoundation+0xa0917]  _CFXRegistrationPost+0x197
C  [CoreFoundation+0xa0682]  ___CFXNotificationPost_block_invoke+0x32
C  [CoreFoundation+0x5d442]  -[_CFXNotificationRegistrar find:object:observer:enumerator:]+0x782
C  [CoreFoundation+0x5c695]  _CFXNotificationPost+0x2b5
C  [Foundation+0x731a]  -[NSNotificationCenter postNotificationName:object:userInfo:]+0x42
C  [AppKit+0x41dbae]  -[NSApplication _reactToScreenInvalidationImmediately:]+0x17f
C  [AppKit+0x41d9ff]  __44-[NSApplication _reactToScreenInvalidation:]_block_invoke+0x3b
C  [CoreFoundation+0xaa24c]  __CFRUNLOOP_IS_CALLING_OUT_TO_A_BLOCK__+0xc
C  [CoreFoundation+0x89b65]  __CFRunLoopDoBlocks+0x155
C  [CoreFoundation+0x898cb]  __CFRunLoopRun+0x92b
C  [CoreFoundation+0x88d38]  CFRunLoopRunSpecific+0x128
C  [java+0x6490]  CreateExecutionEnvironment+0x367
C  [java+0x221c]  JLI_Launch+0x7a0
C  [java+0x84ed]  main+0x65
C  [java+0x1a74]  start+0x34


---------------  P R O C E S S  ---------------

VM state:at safepoint (normal execution)

VM Mutex/Monitor currently owned by a thread:  ([mutex/lock_event])
[0x00007fa1205184d0] Threads_lock - owner thread: 0x00007fa121064800
[0x00007fa1205189d0] Heap_lock - owner thread: 0x00007fa12199b800

Heap:
 PSYoungGen      total 38400K, used 21721K [0x0000000795580000, 0x0000000798000000, 0x00000007c0000000)
  eden space 33280K, 49% used [0x0000000795580000,0x00000007965ba4c8,0x0000000797600000)
  from space 5120K, 99% used [0x0000000797600000,0x0000000797afc070,0x0000000797b00000)
  to   space 5120K, 0% used [0x0000000797b00000,0x0000000797b00000,0x0000000798000000)
 ParOldGen       total 87552K, used 312K [0x0000000740000000, 0x0000000745580000, 0x0000000795580000)
  object space 87552K, 0% used [0x0000000740000000,0x000000074004e010,0x0000000745580000)
 Metaspace       used 20153K, capacity 21238K, committed 21296K, reserved 1067008K
  class space    used 2888K, capacity 3153K, committed 3200K, reserved 1048576K

Card table byte_map: [0x000000011bc00000,0x000000011c001000] byte_map_base: 0x0000000118200000

Marking Bits: (ParMarkBitMap*) 0x000000010b9317a0
 Begin Bits: [0x000000011c2ac000, 0x000000011e2ac000)
 End Bits:   [0x000000011e2ac000, 0x00000001202ac000)

Polling page: 0x000000010c01b000

CodeCache: size=245760Kb used=6532Kb max_used=6532Kb free=239227Kb
 bounds [0x000000010c02e000, 0x000000010c69e000, 0x000000011b02e000]
 total_blobs=2846 nmethods=2156 adapters=602
 compilation: enabled

Compilation events (10 events):
Event: 115.382 Thread 0x00007fa12103b800 nmethod 2153 0x000000010c68fc50 code [0x000000010c68fdc0, 0x000000010c68ff90]
Event: 115.383 Thread 0x00007fa12103b800 2154       3       java.util.concurrent.locks.ReentrantLock::unlock (10 bytes)
Event: 115.383 Thread 0x00007fa12103b800 nmethod 2154 0x000000010c690010 code [0x000000010c6901a0, 0x000000010c690598]
Event: 115.385 Thread 0x00007fa12103b800 2155       3       java.lang.invoke.MethodType::changeReturnType (20 bytes)
Event: 115.386 Thread 0x00007fa12103b800 nmethod 2155 0x000000010c6906d0 code [0x000000010c690840, 0x000000010c690ac8]
Event: 115.387 Thread 0x00007fa12103b800 2156       3       java.lang.Byte::hashCode (8 bytes)
Event: 115.387 Thread 0x00007fa12181f800 2158       4       jdk.internal.org.objectweb.asm.Item::isEqualTo (354 bytes)
Event: 115.387 Thread 0x00007fa12103b800 nmethod 2156 0x000000010c690b50 code [0x000000010c690cc0, 0x000000010c690e70]
Event: 115.387 Thread 0x00007fa12103b800 2157       3       java.lang.Byte::hashCode (2 bytes)
Event: 115.387 Thread 0x00007fa12103b800 nmethod 2157 0x000000010c690f10 code [0x000000010c691060, 0x000000010c691190]

GC Heap History (2 events):
Event: 2.700 GC heap before
{Heap before GC invocations=1 (full 0):
 PSYoungGen      total 38400K, used 33280K [0x0000000795580000, 0x0000000798000000, 0x00000007c0000000)
  eden space 33280K, 100% used [0x0000000795580000,0x0000000797600000,0x0000000797600000)
  from space 5120K, 0% used [0x0000000797b00000,0x0000000797b00000,0x0000000798000000)
  to   space 5120K, 0% used [0x0000000797600000,0x0000000797600000,0x0000000797b00000)
 ParOldGen       total 87552K, used 0K [0x0000000740000000, 0x0000000745580000, 0x0000000795580000)
  object space 87552K, 0% used [0x0000000740000000,0x0000000740000000,0x0000000745580000)
 Metaspace       used 17295K, capacity 17978K, committed 18304K, reserved 1064960K
  class space    used 2380K, capacity 2579K, committed 2688K, reserved 1048576K
Event: 2.712 GC heap after
Heap after GC invocations=1 (full 0):
 PSYoungGen      total 38400K, used 5104K [0x0000000795580000, 0x0000000798000000, 0x00000007c0000000)
  eden space 33280K, 0% used [0x0000000795580000,0x0000000795580000,0x0000000797600000)
  from space 5120K, 99% used [0x0000000797600000,0x0000000797afc070,0x0000000797b00000)
  to   space 5120K, 0% used [0x0000000797b00000,0x0000000797b00000,0x0000000798000000)
 ParOldGen       total 87552K, used 312K [0x0000000740000000, 0x0000000745580000, 0x0000000795580000)
  object space 87552K, 0% used [0x0000000740000000,0x000000074004e010,0x0000000745580000)
 Metaspace       used 17295K, capacity 17978K, committed 18304K, reserved 1064960K
  class space    used 2380K, capacity 2579K, committed 2688K, reserved 1048576K
}

Deoptimization events (10 events):
Event: 2.598 Thread 0x00007fa1218ce800 Uncommon trap: reason=class_check action=maybe_recompile pc=0x000000010c37a350 method=java.util.HashMap.putVal(ILjava/lang/Object;Ljava/lang/Object;ZZ)Ljava/lang/Object; @ 253
Event: 2.598 Thread 0x00007fa1218ce800 Uncommon trap: reason=class_check action=maybe_recompile pc=0x000000010c37a350 method=java.util.HashMap.putVal(ILjava/lang/Object;Ljava/lang/Object;ZZ)Ljava/lang/Object; @ 253
Event: 2.598 Thread 0x00007fa1218ce800 Uncommon trap: reason=class_check action=maybe_recompile pc=0x000000010c37a350 method=java.util.HashMap.putVal(ILjava/lang/Object;Ljava/lang/Object;ZZ)Ljava/lang/Object; @ 253
Event: 2.827 Thread 0x00007fa1218ce800 Uncommon trap: reason=unstable_if action=reinterpret pc=0x000000010c32e2b4 method=jdk.internal.org.objectweb.asm.Type.getArgumentsAndReturnSizes(Ljava/lang/String;)I @ 47
Event: 3.346 Thread 0x00007fa1218ce800 Uncommon trap: reason=unstable_if action=reinterpret pc=0x000000010c524dec method=java.lang.ClassLoader.checkName(Ljava/lang/String;)Z @ 20
Event: 3.393 Thread 0x00007fa1218ce800 Uncommon trap: reason=array_check action=maybe_recompile pc=0x000000010c552db8 method=com.sun.javafx.css.SimpleSelector.applies(Ljavafx/css/Styleable;[Ljava/util/Set;I)Z @ 37
Event: 3.393 Thread 0x00007fa1218ce800 Uncommon trap: reason=array_check action=maybe_recompile pc=0x000000010c552db8 method=com.sun.javafx.css.SimpleSelector.applies(Ljavafx/css/Styleable;[Ljava/util/Set;I)Z @ 37
Event: 3.393 Thread 0x00007fa1218ce800 Uncommon trap: reason=array_check action=maybe_recompile pc=0x000000010c552db8 method=com.sun.javafx.css.SimpleSelector.applies(Ljavafx/css/Styleable;[Ljava/util/Set;I)Z @ 37
Event: 3.393 Thread 0x00007fa1218ce800 Uncommon trap: reason=array_check action=maybe_recompile pc=0x000000010c552db8 method=com.sun.javafx.css.SimpleSelector.applies(Ljavafx/css/Styleable;[Ljava/util/Set;I)Z @ 37
Event: 3.456 Thread 0x00007fa1218ce800 Uncommon trap: reason=array_check action=maybe_recompile pc=0x000000010c58a514 method=com.sun.javafx.css.SimpleSelector.applies(Ljavafx/css/Styleable;[Ljava/util/Set;I)Z @ 37

Internal exceptions (10 events):
Event: 0.353 Thread 0x00007fa12100b800 Exception <a 'java/security/PrivilegedActionException'> (0x000000079596e6f0) thrown at [/Users/java_re/workspace/8-2-build-macosx-x86_64/jdk8u45/3457/hotspot/src/share/vm/prims/jvm.cpp, line 1382]
Event: 0.353 Thread 0x00007fa12100b800 Exception <a 'java/security/PrivilegedActionException'> (0x000000079596e8a8) thrown at [/Users/java_re/workspace/8-2-build-macosx-x86_64/jdk8u45/3457/hotspot/src/share/vm/prims/jvm.cpp, line 1382]
Event: 0.353 Thread 0x00007fa12100b800 Exception <a 'java/security/PrivilegedActionException'> (0x0000000795971a98) thrown at [/Users/java_re/workspace/8-2-build-macosx-x86_64/jdk8u45/3457/hotspot/src/share/vm/prims/jvm.cpp, line 1382]
Event: 0.353 Thread 0x00007fa12100b800 Exception <a 'java/security/PrivilegedActionException'> (0x0000000795971c50) thrown at [/Users/java_re/workspace/8-2-build-macosx-x86_64/jdk8u45/3457/hotspot/src/share/vm/prims/jvm.cpp, line 1382]
Event: 0.354 Thread 0x00007fa12100b800 Exception <a 'java/lang/NullPointerException'> (0x0000000795973570) thrown at [/Users/java_re/workspace/8-2-build-macosx-x86_64/jdk8u45/3457/hotspot/src/share/vm/interpreter/linkResolver.cpp, line 1178]
Event: 0.851 Thread 0x00007fa1218ce800 Exception <a 'java/lang/NullPointerException'> (0x00000007962cd060) thrown at [/Users/java_re/workspace/8-2-build-macosx-x86_64/jdk8u45/3457/hotspot/src/share/vm/interpreter/linkResolver.cpp, line 1178]
Event: 0.851 Thread 0x00007fa1218ce800 Exception <a 'java/lang/NullPointerException'> (0x00000007962cd060) thrown at [/Users/java_re/workspace/8-2-build-macosx-x86_64/jdk8u45/3457/hotspot/src/share/vm/prims/jvm.cpp, line 1386]
Event: 1.042 Thread 0x00007fa1218ce800 Implicit null exception at 0x000000010c284bf5 to 0x000000010c284df1
Event: 1.099 Thread 0x00007fa1218ce800 Implicit null exception at 0x000000010c2547f5 to 0x000000010c254b55
Event: 1.931 Thread 0x00007fa1218ce800 Exception <a 'java/io/FileNotFoundException'> (0x00000007972cd818) thrown at [/Users/java_re/workspace/8-2-build-macosx-x86_64/jdk8u45/3457/hotspot/src/share/vm/prims/jni.cpp, line 709]

Events (10 events):
Event: 115.386 loading class java/util/IdentityHashMap$KeySet done
Event: 115.387 loading class java/util/IdentityHashMap$KeyIterator
Event: 115.387 loading class java/util/IdentityHashMap$IdentityHashMapIterator
Event: 115.387 loading class java/util/IdentityHashMap$IdentityHashMapIterator done
Event: 115.387 loading class java/util/IdentityHashMap$KeyIterator done
Event: 115.387 Thread 0x00007fa1218ce800 Thread added: 0x00007fa1218ce800
Event: 115.387 loading class com/sun/javafx/font/PrismFontFile
Event: 115.387 loading class com/sun/javafx/font/PrismFontFile done
Event: 115.388 Thread 0x00007fa1218ce800 Thread exited: 0x00007fa1218ce800
Event: 115.388 Thread 0x00007fa12199b800 Thread exited: 0x00007fa12199b800


Dynamic libraries:
0x0000000005caf000 	/System/Library/Frameworks/Cocoa.framework/Versions/A/Cocoa
0x0000000005caf000 	/System/Library/Frameworks/Security.framework/Versions/A/Security
0x0000000005caf000 	/System/Library/Frameworks/ApplicationServices.framework/Versions/A/ApplicationServices
0x0000000005caf000 	/usr/lib/libz.1.dylib
0x0000000005caf000 	/usr/lib/libSystem.B.dylib
0x0000000005caf000 	/usr/lib/libobjc.A.dylib
0x0000000005caf000 	/System/Library/Frameworks/CoreFoundation.framework/Versions/A/CoreFoundation
0x0000000005caf000 	/System/Library/Frameworks/Foundation.framework/Versions/C/Foundation
0x0000000005caf000 	/System/Library/Frameworks/AppKit.framework/Versions/C/AppKit
0x0000000005caf000 	/System/Library/Frameworks/CoreData.framework/Versions/A/CoreData
0x0000000005caf000 	/System/Library/PrivateFrameworks/RemoteViewServices.framework/Versions/A/RemoteViewServices
0x0000000005caf000 	/System/Library/PrivateFrameworks/UIFoundation.framework/Versions/A/UIFoundation
0x0000000005caf000 	/usr/lib/libScreenReader.dylib
0x0000000005caf000 	/System/Library/Frameworks/Accelerate.framework/Versions/A/Accelerate
0x0000000005caf000 	/System/Library/Frameworks/IOSurface.framework/Versions/A/IOSurface
0x0000000005caf000 	/System/Library/Frameworks/AudioToolbox.framework/Versions/A/AudioToolbox
0x0000000005caf000 	/System/Library/Frameworks/AudioUnit.framework/Versions/A/AudioUnit
0x0000000005caf000 	/System/Library/PrivateFrameworks/DataDetectorsCore.framework/Versions/A/DataDetectorsCore
0x0000000005caf000 	/System/Library/PrivateFrameworks/DesktopServicesPriv.framework/Versions/A/DesktopServicesPriv
0x0000000005caf000 	/System/Library/Frameworks/Carbon.framework/Versions/A/Frameworks/HIToolbox.framework/Versions/A/HIToolbox
0x0000000005caf000 	/System/Library/Frameworks/QuartzCore.framework/Versions/A/QuartzCore
0x0000000005caf000 	/System/Library/Frameworks/Carbon.framework/Versions/A/Frameworks/SpeechRecognition.framework/Versions/A/SpeechRecognition
0x0000000005caf000 	/usr/lib/libauto.dylib
0x0000000005caf000 	/usr/lib/libicucore.A.dylib
0x0000000005caf000 	/usr/lib/libxml2.2.dylib
0x0000000005caf000 	/System/Library/PrivateFrameworks/CoreUI.framework/Versions/A/CoreUI
0x0000000005caf000 	/System/Library/Frameworks/CoreAudio.framework/Versions/A/CoreAudio
0x0000000005caf000 	/System/Library/Frameworks/DiskArbitration.framework/Versions/A/DiskArbitration
0x0000000005caf000 	/usr/lib/liblangid.dylib
0x0000000005caf000 	/System/Library/PrivateFrameworks/MultitouchSupport.framework/Versions/A/MultitouchSupport
0x0000000005caf000 	/System/Library/Frameworks/IOKit.framework/Versions/A/IOKit
0x0000000005caf000 	/usr/lib/libDiagnosticMessagesClient.dylib
0x0000000005caf000 	/System/Library/Frameworks/CoreServices.framework/Versions/A/CoreServices
0x0000000005caf000 	/System/Library/PrivateFrameworks/PerformanceAnalysis.framework/Versions/A/PerformanceAnalysis
0x0000000005caf000 	/System/Library/PrivateFrameworks/GenerationalStorage.framework/Versions/A/GenerationalStorage
0x0000000005caf000 	/System/Library/Frameworks/OpenGL.framework/Versions/A/OpenGL
0x0000000005caf000 	/System/Library/PrivateFrameworks/Sharing.framework/Versions/A/Sharing
0x0000000005caf000 	/System/Library/Frameworks/CoreGraphics.framework/Versions/A/CoreGraphics
0x0000000005caf000 	/System/Library/Frameworks/CoreImage.framework/Versions/A/CoreImage
0x0000000005caf000 	/System/Library/Frameworks/CoreText.framework/Versions/A/CoreText
0x0000000005caf000 	/System/Library/Frameworks/ImageIO.framework/Versions/A/ImageIO
0x0000000005caf000 	/System/Library/PrivateFrameworks/Backup.framework/Versions/A/Backup
0x0000000005caf000 	/usr/lib/libextension.dylib
0x0000000005caf000 	/usr/lib/libarchive.2.dylib
0x0000000005caf000 	/System/Library/Frameworks/CFNetwork.framework/Versions/A/CFNetwork
0x0000000005caf000 	/System/Library/Frameworks/SystemConfiguration.framework/Versions/A/SystemConfiguration
0x0000000005caf000 	/usr/lib/libCRFSuite.dylib
0x0000000005caf000 	/usr/lib/libc++.1.dylib
0x0000000005caf000 	/usr/lib/libc++abi.dylib
0x0000000005caf000 	/usr/lib/system/libcache.dylib
0x0000000005caf000 	/usr/lib/system/libcommonCrypto.dylib
0x0000000005caf000 	/usr/lib/system/libcompiler_rt.dylib
0x0000000005caf000 	/usr/lib/system/libcopyfile.dylib
0x0000000005caf000 	/usr/lib/system/libcorecrypto.dylib
0x0000000005caf000 	/usr/lib/system/libdispatch.dylib
0x0000000005caf000 	/usr/lib/system/libdyld.dylib
0x0000000005caf000 	/usr/lib/system/libkeymgr.dylib
0x0000000005caf000 	/usr/lib/system/liblaunch.dylib
0x0000000005caf000 	/usr/lib/system/libmacho.dylib
0x0000000005caf000 	/usr/lib/system/libquarantine.dylib
0x0000000005caf000 	/usr/lib/system/libremovefile.dylib
0x0000000005caf000 	/usr/lib/system/libsystem_asl.dylib
0x0000000005caf000 	/usr/lib/system/libsystem_blocks.dylib
0x0000000005caf000 	/usr/lib/system/libsystem_c.dylib
0x0000000005caf000 	/usr/lib/system/libsystem_configuration.dylib
0x0000000005caf000 	/usr/lib/system/libsystem_coreservices.dylib
0x0000000005caf000 	/usr/lib/system/libsystem_coretls.dylib
0x0000000005caf000 	/usr/lib/system/libsystem_dnssd.dylib
0x0000000005caf000 	/usr/lib/system/libsystem_info.dylib
0x0000000005caf000 	/usr/lib/system/libsystem_kernel.dylib
0x0000000005caf000 	/usr/lib/system/libsystem_m.dylib
0x0000000005caf000 	/usr/lib/system/libsystem_malloc.dylib
0x0000000005caf000 	/usr/lib/system/libsystem_network.dylib
0x0000000005caf000 	/usr/lib/system/libsystem_networkextension.dylib
0x0000000005caf000 	/usr/lib/system/libsystem_notify.dylib
0x0000000005caf000 	/usr/lib/system/libsystem_platform.dylib
0x0000000005caf000 	/usr/lib/system/libsystem_pthread.dylib
0x0000000005caf000 	/usr/lib/system/libsystem_sandbox.dylib
0x0000000005caf000 	/usr/lib/system/libsystem_secinit.dylib
0x0000000005caf000 	/usr/lib/system/libsystem_trace.dylib
0x0000000005caf000 	/usr/lib/system/libunc.dylib
0x0000000005caf000 	/usr/lib/system/libunwind.dylib
0x0000000005caf000 	/usr/lib/system/libxpc.dylib
0x0000000005caf000 	/usr/lib/libenergytrace.dylib
0x0000000005caf000 	/usr/lib/libbsm.0.dylib
0x0000000005caf000 	/usr/lib/system/libkxld.dylib
0x0000000005caf000 	/usr/lib/libxar.1.dylib
0x0000000005caf000 	/usr/lib/libsqlite3.dylib
0x0000000005caf000 	/usr/lib/libpam.2.dylib
0x0000000005caf000 	/usr/lib/libOpenScriptingUtil.dylib
0x0000000005caf000 	/usr/lib/libbz2.1.0.dylib
0x0000000005caf000 	/usr/lib/liblzma.5.dylib
0x0000000005caf000 	/System/Library/Frameworks/CoreServices.framework/Versions/A/Frameworks/FSEvents.framework/Versions/A/FSEvents
0x0000000005caf000 	/System/Library/Frameworks/CoreServices.framework/Versions/A/Frameworks/CarbonCore.framework/Versions/A/CarbonCore
0x0000000005caf000 	/System/Library/Frameworks/CoreServices.framework/Versions/A/Frameworks/Metadata.framework/Versions/A/Metadata
0x0000000005caf000 	/System/Library/Frameworks/CoreServices.framework/Versions/A/Frameworks/OSServices.framework/Versions/A/OSServices
0x0000000005caf000 	/System/Library/Frameworks/CoreServices.framework/Versions/A/Frameworks/SearchKit.framework/Versions/A/SearchKit
0x0000000005caf000 	/System/Library/Frameworks/CoreServices.framework/Versions/A/Frameworks/AE.framework/Versions/A/AE
0x0000000005caf000 	/System/Library/Frameworks/CoreServices.framework/Versions/A/Frameworks/LaunchServices.framework/Versions/A/LaunchServices
0x0000000005caf000 	/System/Library/Frameworks/CoreServices.framework/Versions/A/Frameworks/DictionaryServices.framework/Versions/A/DictionaryServices
0x0000000005caf000 	/System/Library/Frameworks/CoreServices.framework/Versions/A/Frameworks/SharedFileList.framework/Versions/A/SharedFileList
0x0000000005caf000 	/System/Library/Frameworks/NetFS.framework/Versions/A/NetFS
0x0000000005caf000 	/System/Library/PrivateFrameworks/NetAuth.framework/Versions/A/NetAuth
0x0000000005caf000 	/System/Library/PrivateFrameworks/login.framework/Versions/A/Frameworks/loginsupport.framework/Versions/A/loginsupport
0x0000000005caf000 	/System/Library/PrivateFrameworks/TCC.framework/Versions/A/TCC
0x0000000005caf000 	/usr/lib/libmecabra.dylib
0x0000000005caf000 	/System/Library/Frameworks/ApplicationServices.framework/Versions/A/Frameworks/ATS.framework/Versions/A/ATS
0x0000000005caf000 	/System/Library/Frameworks/ApplicationServices.framework/Versions/A/Frameworks/ColorSync.framework/Versions/A/ColorSync
0x0000000005caf000 	/System/Library/Frameworks/ApplicationServices.framework/Versions/A/Frameworks/HIServices.framework/Versions/A/HIServices
0x0000000005caf000 	/System/Library/Frameworks/ApplicationServices.framework/Versions/A/Frameworks/LangAnalysis.framework/Versions/A/LangAnalysis
0x0000000005caf000 	/System/Library/Frameworks/ApplicationServices.framework/Versions/A/Frameworks/PrintCore.framework/Versions/A/PrintCore
0x0000000005caf000 	/System/Library/Frameworks/ApplicationServices.framework/Versions/A/Frameworks/QD.framework/Versions/A/QD
0x0000000005caf000 	/System/Library/Frameworks/ApplicationServices.framework/Versions/A/Frameworks/SpeechSynthesis.framework/Versions/A/SpeechSynthesis
0x0000000005caf000 	/System/Library/Frameworks/Metal.framework/Versions/A/Metal
0x0000000005caf000 	/System/Library/Frameworks/Accelerate.framework/Versions/A/Frameworks/vImage.framework/Versions/A/vImage
0x0000000005caf000 	/System/Library/Frameworks/Accelerate.framework/Versions/A/Frameworks/vecLib.framework/Versions/A/vecLib
0x0000000005caf000 	/System/Library/Frameworks/Accelerate.framework/Versions/A/Frameworks/vecLib.framework/Versions/A/libvDSP.dylib
0x0000000005caf000 	/System/Library/Frameworks/Accelerate.framework/Versions/A/Frameworks/vecLib.framework/Versions/A/libvMisc.dylib
0x0000000005caf000 	/System/Library/Frameworks/Accelerate.framework/Versions/A/Frameworks/vecLib.framework/Versions/A/libLAPACK.dylib
0x0000000005caf000 	/System/Library/Frameworks/Accelerate.framework/Versions/A/Frameworks/vecLib.framework/Versions/A/libBLAS.dylib
0x0000000005caf000 	/System/Library/Frameworks/Accelerate.framework/Versions/A/Frameworks/vecLib.framework/Versions/A/libLinearAlgebra.dylib
0x0000000005caf000 	/System/Library/Frameworks/Accelerate.framework/Versions/A/Frameworks/vecLib.framework/Versions/A/libSparseBLAS.dylib
0x0000000005caf000 	/System/Library/PrivateFrameworks/GPUCompiler.framework/libmetal_timestamp.dylib
0x0000000005caf000 	/System/Library/Frameworks/OpenGL.framework/Versions/A/Libraries/libCoreFSCache.dylib
0x0000000005caf000 	/System/Library/PrivateFrameworks/IOAccelerator.framework/Versions/A/IOAccelerator
0x0000000005caf000 	/System/Library/Frameworks/ApplicationServices.framework/Versions/A/Frameworks/ATS.framework/Versions/A/Resources/libFontParser.dylib
0x0000000005caf000 	/System/Library/Frameworks/ApplicationServices.framework/Versions/A/Frameworks/ATS.framework/Versions/A/Resources/libFontRegistry.dylib
0x0000000005caf000 	/System/Library/PrivateFrameworks/AppleVPA.framework/Versions/A/AppleVPA
0x0000000005caf000 	/System/Library/PrivateFrameworks/AppleJPEG.framework/Versions/A/AppleJPEG
0x0000000005caf000 	/System/Library/Frameworks/ImageIO.framework/Versions/A/Resources/libJPEG.dylib
0x0000000005caf000 	/System/Library/Frameworks/ImageIO.framework/Versions/A/Resources/libTIFF.dylib
0x0000000005caf000 	/System/Library/Frameworks/ImageIO.framework/Versions/A/Resources/libPng.dylib
0x0000000005caf000 	/System/Library/Frameworks/ImageIO.framework/Versions/A/Resources/libGIF.dylib
0x0000000005caf000 	/System/Library/Frameworks/ImageIO.framework/Versions/A/Resources/libJP2.dylib
0x0000000005caf000 	/System/Library/Frameworks/ImageIO.framework/Versions/A/Resources/libRadiance.dylib
0x0000000005caf000 	/System/Library/Frameworks/CoreVideo.framework/Versions/A/CoreVideo
0x0000000005caf000 	/System/Library/Frameworks/OpenGL.framework/Versions/A/Libraries/libGLU.dylib
0x0000000005caf000 	/System/Library/Frameworks/OpenGL.framework/Versions/A/Libraries/libGFXShared.dylib
0x0000000005caf000 	/System/Library/Frameworks/OpenGL.framework/Versions/A/Libraries/libGL.dylib
0x0000000005caf000 	/System/Library/Frameworks/OpenGL.framework/Versions/A/Libraries/libGLImage.dylib
0x0000000005caf000 	/System/Library/Frameworks/OpenGL.framework/Versions/A/Libraries/libCVMSPluginSupport.dylib
0x0000000005caf000 	/System/Library/Frameworks/OpenGL.framework/Versions/A/Libraries/libCoreVMClient.dylib
0x0000000005caf000 	/usr/lib/libcups.2.dylib
0x0000000005caf000 	/System/Library/Frameworks/Kerberos.framework/Versions/A/Kerberos
0x0000000005caf000 	/System/Library/Frameworks/GSS.framework/Versions/A/GSS
0x0000000005caf000 	/usr/lib/libresolv.9.dylib
0x0000000005caf000 	/usr/lib/libiconv.2.dylib
0x0000000005caf000 	/System/Library/PrivateFrameworks/Heimdal.framework/Versions/A/Heimdal
0x0000000005caf000 	/usr/lib/libheimdal-asn1.dylib
0x0000000005caf000 	/System/Library/Frameworks/OpenDirectory.framework/Versions/A/OpenDirectory
0x0000000005caf000 	/System/Library/PrivateFrameworks/CommonAuth.framework/Versions/A/CommonAuth
0x0000000005caf000 	/System/Library/Frameworks/OpenDirectory.framework/Versions/A/Frameworks/CFOpenDirectory.framework/Versions/A/CFOpenDirectory
0x0000000005caf000 	/System/Library/Frameworks/SecurityFoundation.framework/Versions/A/SecurityFoundation
0x0000000005caf000 	/System/Library/PrivateFrameworks/LanguageModeling.framework/Versions/A/LanguageModeling
0x0000000005caf000 	/usr/lib/libmarisa.dylib
0x0000000005caf000 	/usr/lib/libChineseTokenizer.dylib
0x0000000005caf000 	/usr/lib/libcmph.dylib
0x0000000005caf000 	/usr/lib/libcompression.dylib
0x0000000005caf000 	/System/Library/Frameworks/ServiceManagement.framework/Versions/A/ServiceManagement
0x0000000005caf000 	/usr/lib/libxslt.1.dylib
0x0000000005caf000 	/System/Library/Frameworks/Carbon.framework/Versions/A/Frameworks/Ink.framework/Versions/A/Ink
0x0000000005caf000 	/usr/lib/libFosl_dynamic.dylib
0x0000000005caf000 	/System/Library/PrivateFrameworks/FaceCore.framework/Versions/A/FaceCore
0x0000000005caf000 	/System/Library/Frameworks/OpenCL.framework/Versions/A/OpenCL
0x0000000005caf000 	/System/Library/PrivateFrameworks/CrashReporterSupport.framework/Versions/A/CrashReporterSupport
0x0000000005caf000 	/System/Library/PrivateFrameworks/IconServices.framework/Versions/A/IconServices
0x0000000005caf000 	/System/Library/PrivateFrameworks/Apple80211.framework/Versions/A/Apple80211
0x0000000005caf000 	/System/Library/Frameworks/CoreWLAN.framework/Versions/A/CoreWLAN
0x0000000005caf000 	/System/Library/Frameworks/IOBluetooth.framework/Versions/A/IOBluetooth
0x0000000005caf000 	/System/Library/PrivateFrameworks/CoreWiFi.framework/Versions/A/CoreWiFi
0x0000000005caf000 	/System/Library/Frameworks/CoreBluetooth.framework/Versions/A/CoreBluetooth
0x0000000005caf000 	/System/Library/PrivateFrameworks/ChunkingLibrary.framework/Versions/A/ChunkingLibrary
0x0000000005caf000 	/System/Library/PrivateFrameworks/DebugSymbols.framework/Versions/A/DebugSymbols
0x0000000005caf000 	/System/Library/PrivateFrameworks/CoreSymbolication.framework/Versions/A/CoreSymbolication
0x0000000005caf000 	/System/Library/PrivateFrameworks/Symbolication.framework/Versions/A/Symbolication
0x0000000005caf000 	/System/Library/PrivateFrameworks/SpeechRecognitionCore.framework/Versions/A/SpeechRecognitionCore
0x000000010b06f000 	/Library/Java/JavaVirtualMachines/jdk1.8.0_45.jdk/Contents/Home/jre/lib/server/libjvm.dylib
0x0000000005caf000 	/usr/lib/libstdc++.6.dylib
0x000000010bfd8000 	/Library/Java/JavaVirtualMachines/jdk1.8.0_45.jdk/Contents/Home/jre/lib/libverify.dylib
0x000000010bfe6000 	/Library/Java/JavaVirtualMachines/jdk1.8.0_45.jdk/Contents/Home/jre/lib/libjava.dylib
0x000000010c025000 	/Library/Java/JavaVirtualMachines/jdk1.8.0_45.jdk/Contents/Home/jre/lib/libzip.dylib
0x00000001221a2000 	/System/Library/Frameworks/JavaVM.framework/Frameworks/JavaRuntimeSupport.framework/JavaRuntimeSupport
0x00000001221bd000 	/System/Library/Frameworks/JavaVM.framework/Versions/A/Frameworks/JavaNativeFoundation.framework/Versions/A/JavaNativeFoundation
0x000000011b3f3000 	/System/Library/Frameworks/JavaVM.framework/Versions/A/JavaVM
0x0000000005caf000 	/System/Library/Frameworks/Carbon.framework/Versions/A/Carbon
0x00000001221d2000 	/System/Library/PrivateFrameworks/JavaLaunching.framework/Versions/A/JavaLaunching
0x0000000005caf000 	/System/Library/Frameworks/Carbon.framework/Versions/A/Frameworks/CommonPanels.framework/Versions/A/CommonPanels
0x0000000005caf000 	/System/Library/Frameworks/Carbon.framework/Versions/A/Frameworks/Help.framework/Versions/A/Help
0x0000000005caf000 	/System/Library/Frameworks/Carbon.framework/Versions/A/Frameworks/ImageCapture.framework/Versions/A/ImageCapture
0x0000000005caf000 	/System/Library/Frameworks/Carbon.framework/Versions/A/Frameworks/OpenScripting.framework/Versions/A/OpenScripting
0x0000000005caf000 	/System/Library/Frameworks/Carbon.framework/Versions/A/Frameworks/Print.framework/Versions/A/Print
0x0000000005caf000 	/System/Library/Frameworks/Carbon.framework/Versions/A/Frameworks/SecurityHI.framework/Versions/A/SecurityHI
0x0000000123bc9000 	/Library/Java/JavaVirtualMachines/jdk1.8.0_45.jdk/Contents/Home/jre/lib/libprism_es2.dylib
0x0000000005caf000 	/System/Library/Frameworks/OpenGL.framework/Versions/A/Resources/GLEngine.bundle/GLEngine
0x0000000005caf000 	/System/Library/Frameworks/OpenGL.framework/Versions/A/Libraries/libGLProgrammability.dylib
0x0000000123c4b000 	/System/Library/Extensions/AppleIntelHD5000GraphicsGLDriver.bundle/Contents/MacOS/AppleIntelHD5000GraphicsGLDriver
0x0000000005caf000 	/System/Library/PrivateFrameworks/GPUSupport.framework/Versions/A/Libraries/libGPUSupportMercury.dylib
0x0000000005caf000 	/System/Library/Frameworks/OpenGL.framework/Versions/A/Resources/GLRendererFloat.bundle/GLRendererFloat
0x0000000005caf000 	/System/Library/Frameworks/OpenCL.framework/Versions/A/Libraries/libcldcpuengine.dylib
0x0000000005caf000 	/System/Library/PrivateFrameworks/DiskImages.framework/Versions/A/DiskImages
0x0000000005caf000 	/System/Library/Frameworks/DiscRecording.framework/Versions/A/DiscRecording
0x0000000005caf000 	/usr/lib/libcsfde.dylib
0x0000000005caf000 	/usr/lib/libcurl.4.dylib
0x0000000005caf000 	/System/Library/PrivateFrameworks/MediaKit.framework/Versions/A/MediaKit
0x0000000005caf000 	/System/Library/PrivateFrameworks/ProtectedCloudStorage.framework/Versions/A/ProtectedCloudStorage
0x0000000005caf000 	/usr/lib/libCoreStorage.dylib
0x0000000005caf000 	/System/Library/PrivateFrameworks/EFILogin.framework/Versions/A/EFILogin
0x0000000005caf000 	/usr/lib/libutil.dylib
0x0000000005caf000 	/System/Library/PrivateFrameworks/FindMyDevice.framework/Versions/A/FindMyDevice
0x0000000005caf000 	/System/Library/Frameworks/LDAP.framework/Versions/A/LDAP
0x0000000005caf000 	/usr/lib/libsasl2.2.dylib
0x0000000005caf000 	/System/Library/PrivateFrameworks/CoreDaemon.framework/Versions/B/CoreDaemon
0x0000000005caf000 	/usr/lib/libcrypto.0.9.8.dylib
0x0000000005caf000 	/System/Library/PrivateFrameworks/AppleSRP.framework/Versions/A/AppleSRP
0x0000000005caf000 	/System/Library/PrivateFrameworks/TrustEvaluationAgent.framework/Versions/A/TrustEvaluationAgent
0x00000001247d5000 	/Library/Java/JavaVirtualMachines/jdk1.8.0_45.jdk/Contents/Home/jre/lib/libglass.dylib
0x0000000005caf000 	/System/Library/PrivateFrameworks/CoreServicesInternal.framework/Versions/A/CoreServicesInternal
0x0000000005caf000 	/System/Library/CoreServices/RawCamera.bundle/Contents/MacOS/RawCamera
0x0000000005caf000 	/System/Library/Frameworks/CoreGraphics.framework/Versions/A/Resources/libRIP.A.dylib
0x0000000005caf000 	/System/Library/Frameworks/Accelerate.framework/Versions/A/Frameworks/vImage.framework/Versions/A/Libraries/libCGInterfaces.dylib
0x0000000005caf000 	/System/Library/PrivateFrameworks/FamilyControls.framework/Versions/A/FamilyControls
0x0000000005caf000 	/System/Library/PrivateFrameworks/CommerceKit.framework/Versions/A/Frameworks/CommerceCore.framework/Versions/A/CommerceCore
0x0000000005caf000 	/System/Library/PrivateFrameworks/SystemAdministration.framework/Versions/A/SystemAdministration
0x0000000005caf000 	/System/Library/PrivateFrameworks/AppContainer.framework/Versions/A/AppContainer
0x0000000005caf000 	/System/Library/PrivateFrameworks/SecCodeWrapper.framework/Versions/A/SecCodeWrapper
0x0000000005caf000 	/System/Library/Frameworks/DirectoryService.framework/Versions/A/DirectoryService
0x0000000005caf000 	/System/Library/PrivateFrameworks/LoginUIKit.framework/Versions/A/Frameworks/LoginUICore.framework/Versions/A/LoginUICore
0x0000000005caf000 	/usr/lib/libodfde.dylib
0x0000000127025000 	/Library/Java/JavaVirtualMachines/jdk1.8.0_45.jdk/Contents/Home/jre/lib/libjavafx_font.dylib
0x0000000005caf000 	/System/Library/Frameworks/CoreGraphics.framework/Versions/A/Resources/libCGXType.A.dylib
0x000000012960d000 	/Library/Java/JavaVirtualMachines/jdk1.8.0_45.jdk/Contents/Home/jre/lib/libnet.dylib
0x00000001296d5000 	/Library/Java/JavaVirtualMachines/jdk1.8.0_45.jdk/Contents/Home/jre/lib/libnio.dylib
0x0000000129eb4000 	cl_kernels
0x0000000005caf000 	/System/Library/Frameworks/OpenCL.framework/Versions/A/Libraries/ImageFormats/unorm8_bgra.dylib
0x0000000005caf000 	/System/Library/Frameworks/OpenCL.framework/Versions/A/Libraries/ImageFormats/unorm8_rgba.dylib
0x000000012a362000 	/Library/Java/JavaVirtualMachines/jdk1.8.0_45.jdk/Contents/Home/jre/lib/libprism_common.dylib
0x000000012b57e000 	/System/Library/Extensions/AppleIntelHD5000GraphicsMTLDriver.bundle/Contents/MacOS/AppleIntelHD5000GraphicsMTLDriver

VM Arguments:
jvm_args: -Dfile.encoding=UTF-8 
java_command: jcd.JCD
java_class_path (initial): /Users/varungoel/Desktop/NetBeans Workspace/HW 4 (Stage 1)/javax.json-1.0.4.jar:/Users/varungoel/Desktop/NetBeans Workspace/HW 4 (Stage 1)/PropertiesManager.jar:/Users/varungoel/Desktop/NetBeans Workspace/HW 4 (Stage 1)/XMLUtilities.jar:/Users/varungoel/Desktop/NetBeans Workspace/HW 4 (Stage 1)/MyAppFramework/build/classes:/Users/varungoel/Desktop/NetBeans Workspace/HW 4 (Stage 1)/jClassDesignerApp/build/classes
Launcher Type: SUN_STANDARD

Environment Variables:
PATH=/usr/bin:/bin:/usr/sbin:/sbin
LD_LIBRARY_PATH=/Library/Java/JavaVirtualMachines/jdk1.8.0_45.jdk/Contents/Home/jre/lib/amd64:/Library/Java/JavaVirtualMachines/jdk1.8.0_45.jdk/Contents/Home/jre/lib/i386:
SHELL=/bin/bash

Signal Handlers:
SIGSEGV: [libjvm.dylib+0x58ef95], sa_mask[0]=11111111011111110111111111111111, sa_flags=SA_ONSTACK|SA_RESTART|SA_SIGINFO
SIGBUS: [libjvm.dylib+0x58ef95], sa_mask[0]=11111111011111110111111111111111, sa_flags=SA_RESTART|SA_SIGINFO
SIGFPE: [libjvm.dylib+0x46c108], sa_mask[0]=11111111011111110111111111111111, sa_flags=SA_RESTART|SA_SIGINFO
SIGPIPE: [libjvm.dylib+0x46c108], sa_mask[0]=11111111011111110111111111111111, sa_flags=SA_RESTART|SA_SIGINFO
SIGXFSZ: [libjvm.dylib+0x46c108], sa_mask[0]=11111111011111110111111111111111, sa_flags=SA_RESTART|SA_SIGINFO
SIGILL: [libjvm.dylib+0x46c108], sa_mask[0]=11111111011111110111111111111111, sa_flags=SA_RESTART|SA_SIGINFO
SIGUSR1: SIG_DFL, sa_mask[0]=00000000000000000000000000000000, sa_flags=none
SIGUSR2: [libjvm.dylib+0x46bc26], sa_mask[0]=00100000000000000000000000000000, sa_flags=SA_RESTART|SA_SIGINFO
SIGHUP: [libjvm.dylib+0x46a1f9], sa_mask[0]=11111111011111110111111111111111, sa_flags=SA_RESTART|SA_SIGINFO
SIGINT: SIG_IGN, sa_mask[0]=00000000000000000000000000000000, sa_flags=none
SIGTERM: [libjvm.dylib+0x46a1f9], sa_mask[0]=11111111011111110111111111111111, sa_flags=SA_RESTART|SA_SIGINFO
SIGQUIT: [libjvm.dylib+0x46a1f9], sa_mask[0]=11111111011111110111111111111111, sa_flags=SA_RESTART|SA_SIGINFO


---------------  S Y S T E M  ---------------

OS:Bsduname:Darwin 15.0.0 Darwin Kernel Version 15.0.0: Wed Aug 26 16:57:32 PDT 2015; root:xnu-3247.1.106~1/RELEASE_X86_64 x86_64
rlimit: STACK 8192k, CORE 0k, NPROC 709, NOFILE 10240, AS infinity
load average:1.62 1.89 1.84

CPU:total 4 (2 cores per cpu, 2 threads per core) family 6 model 69 stepping 1, cmov, cx8, fxsr, mmx, sse, sse2, sse3, ssse3, sse4.1, sse4.2, popcnt, avx, avx2, aes, clmul, erms, lzcnt, ht, tsc, tscinvbit, bmi1, bmi2

Memory: 4k page, physical 8388608k(213632k free)

/proc/meminfo:


vm_info: Java HotSpot(TM) 64-Bit Server VM (25.45-b02) for bsd-amd64 JRE (1.8.0_45-b14), built on Apr 10 2015 10:46:38 by "java_re" with gcc 4.2.1 (Based on Apple Inc. build 5658) (LLVM build 2336.11.00)

time: Sat Apr  2 17:26:58 2016
elapsed time: 115 seconds (0d 0h 1m 55s)

